Command line invocation:
    /Applications/Xcode.app/Contents/Developer/usr/bin/xcodebuild -scheme MacAmpApp -configuration Debug -enableThreadSanitizer YES build

Resolve Package Graph


Resolved source packages:
  ZIPFoundation: https://github.com/weichsel/ZIPFoundation.git @ 0.9.19

--- xcodebuild: WARNING: Using the first of multiple matching destinations:
{ platform:macOS, arch:arm64, id:00006041-000C50E40A80801C, name:My Mac }
{ platform:macOS, arch:x86_64, id:00006041-000C50E40A80801C, name:My Mac }
{ platform:macOS, name:Any Mac }
ComputePackagePrebuildTargetDependencyGraph

Prepare packages

CreateBuildRequest

SendProjectDescription

CreateBuildOperation

ComputeTargetDependencyGraph
note: Building targets in dependency order
note: Target dependency graph (4 targets)
    Target 'MacAmp' in project 'MacAmpApp'
        ➜ Explicit dependency on target 'ZIPFoundation' in project 'ZIPFoundation'
    Target 'ZIPFoundation' in project 'ZIPFoundation'
        ➜ Explicit dependency on target 'ZIPFoundation' in project 'ZIPFoundation'
        ➜ Explicit dependency on target 'ZIPFoundation_ZIPFoundation' in project 'ZIPFoundation'
    Target 'ZIPFoundation' in project 'ZIPFoundation'
        ➜ Explicit dependency on target 'ZIPFoundation_ZIPFoundation' in project 'ZIPFoundation'
    Target 'ZIPFoundation_ZIPFoundation' in project 'ZIPFoundation' (no dependencies)

GatherProvisioningInputs

CreateBuildDescription

ExecuteExternalTool /Applications/Xcode.app/Contents/Developer/Toolchains/XcodeDefault.xctoolchain/usr/bin/clang -v -E -dM -isysroot /Applications/Xcode.app/Contents/Developer/Platforms/MacOSX.platform/Developer/SDKs/MacOSX26.0.sdk -x c -c /dev/null

ExecuteExternalTool /Applications/Xcode.app/Contents/Developer/Toolchains/XcodeDefault.xctoolchain/usr/bin/swiftc --version

ExecuteExternalTool /Applications/Xcode.app/Contents/Developer/usr/bin/actool --version --output-format xml1

ExecuteExternalTool /Applications/Xcode.app/Contents/Developer/Toolchains/XcodeDefault.xctoolchain/usr/bin/ld -version_details

Build description signature: c2c79e103fbdd3a3e6fe1bb492a0c757
Build description path: /Users/hank/Library/Developer/Xcode/DerivedData/MacAmpApp-bkmcccatuvhsmhbgrftfacnjoxld/Build/Intermediates.noindex/XCBuildData/c2c79e103fbdd3a3e6fe1bb492a0c757.xcbuilddata
ClangStatCache /Applications/Xcode.app/Contents/Developer/Toolchains/XcodeDefault.xctoolchain/usr/bin/clang-stat-cache /Applications/Xcode.app/Contents/Developer/Platforms/MacOSX.platform/Developer/SDKs/MacOSX26.0.sdk /Users/hank/Library/Developer/Xcode/DerivedData/SDKStatCaches.noindex/macosx26.0-25A352-3885c01c3e6b6a337905948deab2002e28806144b0707e398aac92880fa50324.sdkstatcache
    cd /Users/hank/dev/src/MacAmp/MacAmpApp.xcodeproj
    /Applications/Xcode.app/Contents/Developer/Toolchains/XcodeDefault.xctoolchain/usr/bin/clang-stat-cache /Applications/Xcode.app/Contents/Developer/Platforms/MacOSX.platform/Developer/SDKs/MacOSX26.0.sdk -o /Users/hank/Library/Developer/Xcode/DerivedData/SDKStatCaches.noindex/macosx26.0-25A352-3885c01c3e6b6a337905948deab2002e28806144b0707e398aac92880fa50324.sdkstatcache

ProcessInfoPlistFile /Users/hank/Library/Developer/Xcode/DerivedData/MacAmpApp-bkmcccatuvhsmhbgrftfacnjoxld/Build/Products/Debug/ZIPFoundation_ZIPFoundation.bundle/Contents/Info.plist /Users/hank/Library/Developer/Xcode/DerivedData/MacAmpApp-bkmcccatuvhsmhbgrftfacnjoxld/Build/Intermediates.noindex/ZIPFoundation.build/Debug/ZIPFoundation_ZIPFoundation.build/empty-ZIPFoundation_ZIPFoundation.plist (in target 'ZIPFoundation_ZIPFoundation' from project 'ZIPFoundation')
    cd /Users/hank/Library/Developer/Xcode/DerivedData/MacAmpApp-bkmcccatuvhsmhbgrftfacnjoxld/SourcePackages/checkouts/ZIPFoundation
    builtin-infoPlistUtility /Users/hank/Library/Developer/Xcode/DerivedData/MacAmpApp-bkmcccatuvhsmhbgrftfacnjoxld/Build/Intermediates.noindex/ZIPFoundation.build/Debug/ZIPFoundation_ZIPFoundation.build/empty-ZIPFoundation_ZIPFoundation.plist -producttype com.apple.product-type.bundle -expandbuildsettings -platform macosx -o /Users/hank/Library/Developer/Xcode/DerivedData/MacAmpApp-bkmcccatuvhsmhbgrftfacnjoxld/Build/Products/Debug/ZIPFoundation_ZIPFoundation.bundle/Contents/Info.plist

SwiftDriver ZIPFoundation normal arm64 com.apple.xcode.tools.swift.compiler (in target 'ZIPFoundation' from project 'ZIPFoundation')
    cd /Users/hank/dev/src/MacAmp/MacAmpApp.xcodeproj
    builtin-SwiftDriver -- /Applications/Xcode.app/Contents/Developer/Toolchains/XcodeDefault.xctoolchain/usr/bin/swiftc -module-name ZIPFoundation -Onone -enforce-exclusivity\=checked @/Users/hank/Library/Developer/Xcode/DerivedData/MacAmpApp-bkmcccatuvhsmhbgrftfacnjoxld/Build/Intermediates.noindex/ZIPFoundation.build/Debug/ZIPFoundation.build/Objects-normal/arm64/ZIPFoundation.SwiftFileList -DSWIFT_PACKAGE -DDEBUG -DSWIFT_MODULE_RESOURCE_BUNDLE_AVAILABLE -DXcode -plugin-path /Applications/Xcode.app/Contents/Developer/Toolchains/XcodeDefault.xctoolchain/usr/lib/swift/host/plugins/testing -enable-experimental-feature DebugDescriptionMacro -sdk /Applications/Xcode.app/Contents/Developer/Platforms/MacOSX.platform/Developer/SDKs/MacOSX26.0.sdk -target arm64-apple-macos10.13 -g -module-cache-path /Users/hank/Library/Developer/Xcode/DerivedData/ModuleCache.noindex -Xfrontend -serialize-debugging-options -sanitize\=thread -enable-testing -suppress-warnings -index-store-path /Users/hank/Library/Developer/Xcode/DerivedData/MacAmpApp-bkmcccatuvhsmhbgrftfacnjoxld/Index.noindex/DataStore -Xcc -D_LIBCPP_HARDENING_MODE\=_LIBCPP_HARDENING_MODE_DEBUG -swift-version 5 -I /Users/hank/Library/Developer/Xcode/DerivedData/MacAmpApp-bkmcccatuvhsmhbgrftfacnjoxld/Build/Products/Debug -Isystem /Applications/Xcode.app/Contents/Developer/Platforms/MacOSX.platform/Developer/usr/lib -F /Users/hank/Library/Developer/Xcode/DerivedData/MacAmpApp-bkmcccatuvhsmhbgrftfacnjoxld/Build/Products/Debug -F /Applications/Xcode.app/Contents/Developer/Platforms/MacOSX.platform/Developer/Library/Frameworks -c -j16 -enable-batch-mode -incremental -Xcc -ivfsstatcache -Xcc /Users/hank/Library/Developer/Xcode/DerivedData/SDKStatCaches.noindex/macosx26.0-25A352-3885c01c3e6b6a337905948deab2002e28806144b0707e398aac92880fa50324.sdkstatcache -output-file-map /Users/hank/Library/Developer/Xcode/DerivedData/MacAmpApp-bkmcccatuvhsmhbgrftfacnjoxld/Build/Intermediates.noindex/ZIPFoundation.build/Debug/ZIPFoundation.build/Objects-normal-tsan/arm64/ZIPFoundation-OutputFileMap.json -use-frontend-parseable-output -save-temps -no-color-diagnostics -explicit-module-build -module-cache-path /Users/hank/Library/Developer/Xcode/DerivedData/MacAmpApp-bkmcccatuvhsmhbgrftfacnjoxld/Build/Intermediates.noindex/SwiftExplicitPrecompiledModules -clang-scanner-module-cache-path /Users/hank/Library/Developer/Xcode/DerivedData/ModuleCache.noindex -sdk-module-cache-path /Users/hank/Library/Developer/Xcode/DerivedData/ModuleCache.noindex -serialize-diagnostics -emit-dependencies -emit-module -emit-module-path /Users/hank/Library/Developer/Xcode/DerivedData/MacAmpApp-bkmcccatuvhsmhbgrftfacnjoxld/Build/Intermediates.noindex/ZIPFoundation.build/Debug/ZIPFoundation.build/Objects-normal-tsan/arm64/ZIPFoundation.swiftmodule -validate-clang-modules-once -clang-build-session-file /Users/hank/Library/Developer/Xcode/DerivedData/ModuleCache.noindex/Session.modulevalidation -package-name zipfoundation -Xcc -I/Users/hank/Library/Developer/Xcode/DerivedData/MacAmpApp-bkmcccatuvhsmhbgrftfacnjoxld/Build/Intermediates.noindex/ZIPFoundation.build/Debug/ZIPFoundation.build/swift-overrides.hmap -emit-const-values -Xfrontend -const-gather-protocols-file -Xfrontend /Users/hank/Library/Developer/Xcode/DerivedData/MacAmpApp-bkmcccatuvhsmhbgrftfacnjoxld/Build/Intermediates.noindex/ZIPFoundation.build/Debug/ZIPFoundation.build/Objects-normal-tsan/arm64/ZIPFoundation_const_extract_protocols.json -Xcc -I/Users/hank/Library/Developer/Xcode/DerivedData/MacAmpApp-bkmcccatuvhsmhbgrftfacnjoxld/Build/Products/Debug/include -Xcc -I/Users/hank/Library/Developer/Xcode/DerivedData/MacAmpApp-bkmcccatuvhsmhbgrftfacnjoxld/Build/Intermediates.noindex/ZIPFoundation.build/Debug/ZIPFoundation.build/DerivedSources-normal/arm64 -Xcc -I/Users/hank/Library/Developer/Xcode/DerivedData/MacAmpApp-bkmcccatuvhsmhbgrftfacnjoxld/Build/Intermediates.noindex/ZIPFoundation.build/Debug/ZIPFoundation.build/DerivedSources/arm64 -Xcc -I/Users/hank/Library/Developer/Xcode/DerivedData/MacAmpApp-bkmcccatuvhsmhbgrftfacnjoxld/Build/Intermediates.noindex/ZIPFoundation.build/Debug/ZIPFoundation.build/DerivedSources -Xcc -DSWIFT_PACKAGE -Xcc -DDEBUG\=1 -emit-objc-header -emit-objc-header-path /Users/hank/Library/Developer/Xcode/DerivedData/MacAmpApp-bkmcccatuvhsmhbgrftfacnjoxld/Build/Intermediates.noindex/ZIPFoundation.build/Debug/ZIPFoundation.build/Objects-normal-tsan/arm64/ZIPFoundation-Swift.h -working-directory /Users/hank/dev/src/MacAmp/MacAmpApp.xcodeproj -experimental-emit-module-separately -disable-cmo

SwiftDriver\ Compilation\ Requirements ZIPFoundation normal arm64 com.apple.xcode.tools.swift.compiler (in target 'ZIPFoundation' from project 'ZIPFoundation')
    cd /Users/hank/dev/src/MacAmp/MacAmpApp.xcodeproj
    builtin-Swift-Compilation-Requirements -- /Applications/Xcode.app/Contents/Developer/Toolchains/XcodeDefault.xctoolchain/usr/bin/swiftc -module-name ZIPFoundation -Onone -enforce-exclusivity\=checked @/Users/hank/Library/Developer/Xcode/DerivedData/MacAmpApp-bkmcccatuvhsmhbgrftfacnjoxld/Build/Intermediates.noindex/ZIPFoundation.build/Debug/ZIPFoundation.build/Objects-normal/arm64/ZIPFoundation.SwiftFileList -DSWIFT_PACKAGE -DDEBUG -DSWIFT_MODULE_RESOURCE_BUNDLE_AVAILABLE -DXcode -plugin-path /Applications/Xcode.app/Contents/Developer/Toolchains/XcodeDefault.xctoolchain/usr/lib/swift/host/plugins/testing -enable-experimental-feature DebugDescriptionMacro -sdk /Applications/Xcode.app/Contents/Developer/Platforms/MacOSX.platform/Developer/SDKs/MacOSX26.0.sdk -target arm64-apple-macos10.13 -g -module-cache-path /Users/hank/Library/Developer/Xcode/DerivedData/ModuleCache.noindex -Xfrontend -serialize-debugging-options -sanitize\=thread -enable-testing -suppress-warnings -index-store-path /Users/hank/Library/Developer/Xcode/DerivedData/MacAmpApp-bkmcccatuvhsmhbgrftfacnjoxld/Index.noindex/DataStore -Xcc -D_LIBCPP_HARDENING_MODE\=_LIBCPP_HARDENING_MODE_DEBUG -swift-version 5 -I /Users/hank/Library/Developer/Xcode/DerivedData/MacAmpApp-bkmcccatuvhsmhbgrftfacnjoxld/Build/Products/Debug -Isystem /Applications/Xcode.app/Contents/Developer/Platforms/MacOSX.platform/Developer/usr/lib -F /Users/hank/Library/Developer/Xcode/DerivedData/MacAmpApp-bkmcccatuvhsmhbgrftfacnjoxld/Build/Products/Debug -F /Applications/Xcode.app/Contents/Developer/Platforms/MacOSX.platform/Developer/Library/Frameworks -c -j16 -enable-batch-mode -incremental -Xcc -ivfsstatcache -Xcc /Users/hank/Library/Developer/Xcode/DerivedData/SDKStatCaches.noindex/macosx26.0-25A352-3885c01c3e6b6a337905948deab2002e28806144b0707e398aac92880fa50324.sdkstatcache -output-file-map /Users/hank/Library/Developer/Xcode/DerivedData/MacAmpApp-bkmcccatuvhsmhbgrftfacnjoxld/Build/Intermediates.noindex/ZIPFoundation.build/Debug/ZIPFoundation.build/Objects-normal-tsan/arm64/ZIPFoundation-OutputFileMap.json -use-frontend-parseable-output -save-temps -no-color-diagnostics -explicit-module-build -module-cache-path /Users/hank/Library/Developer/Xcode/DerivedData/MacAmpApp-bkmcccatuvhsmhbgrftfacnjoxld/Build/Intermediates.noindex/SwiftExplicitPrecompiledModules -clang-scanner-module-cache-path /Users/hank/Library/Developer/Xcode/DerivedData/ModuleCache.noindex -sdk-module-cache-path /Users/hank/Library/Developer/Xcode/DerivedData/ModuleCache.noindex -serialize-diagnostics -emit-dependencies -emit-module -emit-module-path /Users/hank/Library/Developer/Xcode/DerivedData/MacAmpApp-bkmcccatuvhsmhbgrftfacnjoxld/Build/Intermediates.noindex/ZIPFoundation.build/Debug/ZIPFoundation.build/Objects-normal-tsan/arm64/ZIPFoundation.swiftmodule -validate-clang-modules-once -clang-build-session-file /Users/hank/Library/Developer/Xcode/DerivedData/ModuleCache.noindex/Session.modulevalidation -package-name zipfoundation -Xcc -I/Users/hank/Library/Developer/Xcode/DerivedData/MacAmpApp-bkmcccatuvhsmhbgrftfacnjoxld/Build/Intermediates.noindex/ZIPFoundation.build/Debug/ZIPFoundation.build/swift-overrides.hmap -emit-const-values -Xfrontend -const-gather-protocols-file -Xfrontend /Users/hank/Library/Developer/Xcode/DerivedData/MacAmpApp-bkmcccatuvhsmhbgrftfacnjoxld/Build/Intermediates.noindex/ZIPFoundation.build/Debug/ZIPFoundation.build/Objects-normal-tsan/arm64/ZIPFoundation_const_extract_protocols.json -Xcc -I/Users/hank/Library/Developer/Xcode/DerivedData/MacAmpApp-bkmcccatuvhsmhbgrftfacnjoxld/Build/Products/Debug/include -Xcc -I/Users/hank/Library/Developer/Xcode/DerivedData/MacAmpApp-bkmcccatuvhsmhbgrftfacnjoxld/Build/Intermediates.noindex/ZIPFoundation.build/Debug/ZIPFoundation.build/DerivedSources-normal/arm64 -Xcc -I/Users/hank/Library/Developer/Xcode/DerivedData/MacAmpApp-bkmcccatuvhsmhbgrftfacnjoxld/Build/Intermediates.noindex/ZIPFoundation.build/Debug/ZIPFoundation.build/DerivedSources/arm64 -Xcc -I/Users/hank/Library/Developer/Xcode/DerivedData/MacAmpApp-bkmcccatuvhsmhbgrftfacnjoxld/Build/Intermediates.noindex/ZIPFoundation.build/Debug/ZIPFoundation.build/DerivedSources -Xcc -DSWIFT_PACKAGE -Xcc -DDEBUG\=1 -emit-objc-header -emit-objc-header-path /Users/hank/Library/Developer/Xcode/DerivedData/MacAmpApp-bkmcccatuvhsmhbgrftfacnjoxld/Build/Intermediates.noindex/ZIPFoundation.build/Debug/ZIPFoundation.build/Objects-normal-tsan/arm64/ZIPFoundation-Swift.h -working-directory /Users/hank/dev/src/MacAmp/MacAmpApp.xcodeproj -experimental-emit-module-separately -disable-cmo

Copy /Users/hank/Library/Developer/Xcode/DerivedData/MacAmpApp-bkmcccatuvhsmhbgrftfacnjoxld/Build/Products/Debug/ZIPFoundation.swiftmodule/arm64-apple-macos.abi.json /Users/hank/Library/Developer/Xcode/DerivedData/MacAmpApp-bkmcccatuvhsmhbgrftfacnjoxld/Build/Intermediates.noindex/ZIPFoundation.build/Debug/ZIPFoundation.build/Objects-normal-tsan/arm64/ZIPFoundation.abi.json (in target 'ZIPFoundation' from project 'ZIPFoundation')
    cd /Users/hank/Library/Developer/Xcode/DerivedData/MacAmpApp-bkmcccatuvhsmhbgrftfacnjoxld/SourcePackages/checkouts/ZIPFoundation
    builtin-copy -exclude .DS_Store -exclude CVS -exclude .svn -exclude .git -exclude .hg -resolve-src-symlinks -rename /Users/hank/Library/Developer/Xcode/DerivedData/MacAmpApp-bkmcccatuvhsmhbgrftfacnjoxld/Build/Intermediates.noindex/ZIPFoundation.build/Debug/ZIPFoundation.build/Objects-normal-tsan/arm64/ZIPFoundation.abi.json /Users/hank/Library/Developer/Xcode/DerivedData/MacAmpApp-bkmcccatuvhsmhbgrftfacnjoxld/Build/Products/Debug/ZIPFoundation.swiftmodule/arm64-apple-macos.abi.json

ExtractAppIntentsMetadata (in target 'ZIPFoundation' from project 'ZIPFoundation')
    cd /Users/hank/Library/Developer/Xcode/DerivedData/MacAmpApp-bkmcccatuvhsmhbgrftfacnjoxld/SourcePackages/checkouts/ZIPFoundation
    /Applications/Xcode.app/Contents/Developer/Toolchains/XcodeDefault.xctoolchain/usr/bin/appintentsmetadataprocessor --toolchain-dir /var/run/com.apple.security.cryptexd/mnt/com.apple.MobileAsset.MetalToolchain-v17.1.321.0.rcKsij/Metal.xctoolchain --module-name ZIPFoundation --sdk-root /Applications/Xcode.app/Contents/Developer/Platforms/MacOSX.platform/Developer/SDKs/MacOSX26.0.sdk --xcode-version 17A321 --platform-family macOS --deployment-target 10.13 --bundle-identifier zipfoundation.ZIPFoundation --output /Users/hank/Library/Developer/Xcode/DerivedData/MacAmpApp-bkmcccatuvhsmhbgrftfacnjoxld/Build/Products/Debug/ZIPFoundation.appintents --target-triple arm64-apple-macos10.13 --binary-file /Users/hank/Library/Developer/Xcode/DerivedData/MacAmpApp-bkmcccatuvhsmhbgrftfacnjoxld/Build/Products/Debug/ZIPFoundation.o --dependency-file /Users/hank/Library/Developer/Xcode/DerivedData/MacAmpApp-bkmcccatuvhsmhbgrftfacnjoxld/Build/Intermediates.noindex/ZIPFoundation.build/Debug/ZIPFoundation.build/Objects-normal-tsan/arm64/ZIPFoundation_dependency_info.dat --stringsdata-file /Users/hank/Library/Developer/Xcode/DerivedData/MacAmpApp-bkmcccatuvhsmhbgrftfacnjoxld/Build/Intermediates.noindex/ZIPFoundation.build/Debug/ZIPFoundation.build/Objects-normal-tsan/arm64/ExtractedAppShortcutsMetadata.stringsdata --source-file-list /Users/hank/Library/Developer/Xcode/DerivedData/MacAmpApp-bkmcccatuvhsmhbgrftfacnjoxld/Build/Intermediates.noindex/ZIPFoundation.build/Debug/ZIPFoundation.build/Objects-normal/arm64/ZIPFoundation.SwiftFileList --metadata-file-list /Users/hank/Library/Developer/Xcode/DerivedData/MacAmpApp-bkmcccatuvhsmhbgrftfacnjoxld/Build/Intermediates.noindex/ZIPFoundation.build/Debug/ZIPFoundation.build/ZIPFoundation.DependencyMetadataFileList --static-metadata-file-list /Users/hank/Library/Developer/Xcode/DerivedData/MacAmpApp-bkmcccatuvhsmhbgrftfacnjoxld/Build/Intermediates.noindex/ZIPFoundation.build/Debug/ZIPFoundation.build/ZIPFoundation.DependencyStaticMetadataFileList --swift-const-vals-list /Users/hank/Library/Developer/Xcode/DerivedData/MacAmpApp-bkmcccatuvhsmhbgrftfacnjoxld/Build/Intermediates.noindex/ZIPFoundation.build/Debug/ZIPFoundation.build/Objects-normal/arm64/ZIPFoundation.SwiftConstValuesFileList --force --compile-time-extraction --deployment-aware-processing --validate-assistant-intents --no-app-shortcuts-localization
2025-10-26 19:23:06.390 appintentsmetadataprocessor[75531:26579749] Starting appintentsmetadataprocessor export
2025-10-26 19:23:06.466 appintentsmetadataprocessor[75531:26579749] Extracted no relevant App Intents symbols, skipping writing output

SwiftDriver MacAmp normal arm64 com.apple.xcode.tools.swift.compiler (in target 'MacAmp' from project 'MacAmpApp')
    cd /Users/hank/dev/src/MacAmp
    builtin-SwiftDriver -- /Applications/Xcode.app/Contents/Developer/Toolchains/XcodeDefault.xctoolchain/usr/bin/swiftc -module-name MacAmp -Onone -enforce-exclusivity\=checked @/Users/hank/Library/Developer/Xcode/DerivedData/MacAmpApp-bkmcccatuvhsmhbgrftfacnjoxld/Build/Intermediates.noindex/MacAmpApp.build/Debug/MacAmp.build/Objects-normal/arm64/MacAmp.SwiftFileList -DDEBUG -enable-bare-slash-regex -enable-experimental-feature DebugDescriptionMacro -sdk /Applications/Xcode.app/Contents/Developer/Platforms/MacOSX.platform/Developer/SDKs/MacOSX26.0.sdk -target arm64-apple-macos15.0 -g -module-cache-path /Users/hank/Library/Developer/Xcode/DerivedData/ModuleCache.noindex -Xfrontend -serialize-debugging-options -sanitize\=thread -enable-testing -index-store-path /Users/hank/Library/Developer/Xcode/DerivedData/MacAmpApp-bkmcccatuvhsmhbgrftfacnjoxld/Index.noindex/DataStore -Xcc -D_LIBCPP_HARDENING_MODE\=_LIBCPP_HARDENING_MODE_DEBUG -swift-version 5 -I /Users/hank/Library/Developer/Xcode/DerivedData/MacAmpApp-bkmcccatuvhsmhbgrftfacnjoxld/Build/Products/Debug -F /Users/hank/Library/Developer/Xcode/DerivedData/MacAmpApp-bkmcccatuvhsmhbgrftfacnjoxld/Build/Products/Debug/PackageFrameworks -F /Users/hank/Library/Developer/Xcode/DerivedData/MacAmpApp-bkmcccatuvhsmhbgrftfacnjoxld/Build/Products/Debug -c -j16 -enable-batch-mode -incremental -Xcc -ivfsstatcache -Xcc /Users/hank/Library/Developer/Xcode/DerivedData/SDKStatCaches.noindex/macosx26.0-25A352-3885c01c3e6b6a337905948deab2002e28806144b0707e398aac92880fa50324.sdkstatcache -output-file-map /Users/hank/Library/Developer/Xcode/DerivedData/MacAmpApp-bkmcccatuvhsmhbgrftfacnjoxld/Build/Intermediates.noindex/MacAmpApp.build/Debug/MacAmp.build/Objects-normal-tsan/arm64/MacAmp-OutputFileMap.json -use-frontend-parseable-output -save-temps -no-color-diagnostics -explicit-module-build -module-cache-path /Users/hank/Library/Developer/Xcode/DerivedData/MacAmpApp-bkmcccatuvhsmhbgrftfacnjoxld/Build/Intermediates.noindex/SwiftExplicitPrecompiledModules -clang-scanner-module-cache-path /Users/hank/Library/Developer/Xcode/DerivedData/ModuleCache.noindex -sdk-module-cache-path /Users/hank/Library/Developer/Xcode/DerivedData/ModuleCache.noindex -serialize-diagnostics -emit-dependencies -emit-module -emit-module-path /Users/hank/Library/Developer/Xcode/DerivedData/MacAmpApp-bkmcccatuvhsmhbgrftfacnjoxld/Build/Intermediates.noindex/MacAmpApp.build/Debug/MacAmp.build/Objects-normal-tsan/arm64/MacAmp.swiftmodule -validate-clang-modules-once -clang-build-session-file /Users/hank/Library/Developer/Xcode/DerivedData/ModuleCache.noindex/Session.modulevalidation -Xcc -I/Users/hank/Library/Developer/Xcode/DerivedData/MacAmpApp-bkmcccatuvhsmhbgrftfacnjoxld/Build/Intermediates.noindex/MacAmpApp.build/Debug/MacAmp.build/swift-overrides.hmap -emit-const-values -Xfrontend -const-gather-protocols-file -Xfrontend /Users/hank/Library/Developer/Xcode/DerivedData/MacAmpApp-bkmcccatuvhsmhbgrftfacnjoxld/Build/Intermediates.noindex/MacAmpApp.build/Debug/MacAmp.build/Objects-normal-tsan/arm64/MacAmp_const_extract_protocols.json -Xcc -iquote -Xcc /Users/hank/Library/Developer/Xcode/DerivedData/MacAmpApp-bkmcccatuvhsmhbgrftfacnjoxld/Build/Intermediates.noindex/MacAmpApp.build/Debug/MacAmp.build/MacAmp-generated-files.hmap -Xcc -I/Users/hank/Library/Developer/Xcode/DerivedData/MacAmpApp-bkmcccatuvhsmhbgrftfacnjoxld/Build/Intermediates.noindex/MacAmpApp.build/Debug/MacAmp.build/MacAmp-own-target-headers.hmap -Xcc -I/Users/hank/Library/Developer/Xcode/DerivedData/MacAmpApp-bkmcccatuvhsmhbgrftfacnjoxld/Build/Intermediates.noindex/MacAmpApp.build/Debug/MacAmp.build/MacAmp-all-non-framework-target-headers.hmap -Xcc -ivfsoverlay -Xcc /Users/hank/Library/Developer/Xcode/DerivedData/MacAmpApp-bkmcccatuvhsmhbgrftfacnjoxld/Build/Intermediates.noindex/MacAmpApp.build/Debug/MacAmpApp-6dbee650d839781f969add39cca492c9-VFS/all-product-headers.yaml -Xcc -iquote -Xcc /Users/hank/Library/Developer/Xcode/DerivedData/MacAmpApp-bkmcccatuvhsmhbgrftfacnjoxld/Build/Intermediates.noindex/MacAmpApp.build/Debug/MacAmp.build/MacAmp-project-headers.hmap -Xcc -I/Users/hank/Library/Developer/Xcode/DerivedData/MacAmpApp-bkmcccatuvhsmhbgrftfacnjoxld/Build/Products/Debug/include -Xcc -I/Users/hank/Library/Developer/Xcode/DerivedData/MacAmpApp-bkmcccatuvhsmhbgrftfacnjoxld/Build/Intermediates.noindex/MacAmpApp.build/Debug/MacAmp.build/DerivedSources-normal/arm64 -Xcc -I/Users/hank/Library/Developer/Xcode/DerivedData/MacAmpApp-bkmcccatuvhsmhbgrftfacnjoxld/Build/Intermediates.noindex/MacAmpApp.build/Debug/MacAmp.build/DerivedSources/arm64 -Xcc -I/Users/hank/Library/Developer/Xcode/DerivedData/MacAmpApp-bkmcccatuvhsmhbgrftfacnjoxld/Build/Intermediates.noindex/MacAmpApp.build/Debug/MacAmp.build/DerivedSources -Xcc -DDEBUG\=1 -emit-objc-header -emit-objc-header-path /Users/hank/Library/Developer/Xcode/DerivedData/MacAmpApp-bkmcccatuvhsmhbgrftfacnjoxld/Build/Intermediates.noindex/MacAmpApp.build/Debug/MacAmp.build/Objects-normal-tsan/arm64/MacAmp-Swift.h -working-directory /Users/hank/dev/src/MacAmp -experimental-emit-module-separately -disable-cmo

RegisterExecutionPolicyException /Users/hank/Library/Developer/Xcode/DerivedData/MacAmpApp-bkmcccatuvhsmhbgrftfacnjoxld/Build/Products/Debug/ZIPFoundation.o (in target 'ZIPFoundation' from project 'ZIPFoundation')
    cd /Users/hank/Library/Developer/Xcode/DerivedData/MacAmpApp-bkmcccatuvhsmhbgrftfacnjoxld/SourcePackages/checkouts/ZIPFoundation
    builtin-RegisterExecutionPolicyException /Users/hank/Library/Developer/Xcode/DerivedData/MacAmpApp-bkmcccatuvhsmhbgrftfacnjoxld/Build/Products/Debug/ZIPFoundation.o

CpResource /Users/hank/Library/Developer/Xcode/DerivedData/MacAmpApp-bkmcccatuvhsmhbgrftfacnjoxld/Build/Products/Debug/MacAmp.app/Contents/Resources/Winamp.wsz /Users/hank/dev/src/MacAmp/MacAmpApp/Skins/Winamp.wsz (in target 'MacAmp' from project 'MacAmpApp')
    cd /Users/hank/dev/src/MacAmp
    builtin-copy -exclude .DS_Store -exclude CVS -exclude .svn -exclude .git -exclude .hg -resolve-src-symlinks /Users/hank/dev/src/MacAmp/MacAmpApp/Skins/Winamp.wsz /Users/hank/Library/Developer/Xcode/DerivedData/MacAmpApp-bkmcccatuvhsmhbgrftfacnjoxld/Build/Products/Debug/MacAmp.app/Contents/Resources

CpResource /Users/hank/Library/Developer/Xcode/DerivedData/MacAmpApp-bkmcccatuvhsmhbgrftfacnjoxld/Build/Products/Debug/MacAmp.app/Contents/Resources/Internet-Archive.wsz /Users/hank/dev/src/MacAmp/MacAmpApp/Skins/Internet-Archive.wsz (in target 'MacAmp' from project 'MacAmpApp')
    cd /Users/hank/dev/src/MacAmp
    builtin-copy -exclude .DS_Store -exclude CVS -exclude .svn -exclude .git -exclude .hg -resolve-src-symlinks /Users/hank/dev/src/MacAmp/MacAmpApp/Skins/Internet-Archive.wsz /Users/hank/Library/Developer/Xcode/DerivedData/MacAmpApp-bkmcccatuvhsmhbgrftfacnjoxld/Build/Products/Debug/MacAmp.app/Contents/Resources

Ld /Users/hank/Library/Developer/Xcode/DerivedData/MacAmpApp-bkmcccatuvhsmhbgrftfacnjoxld/Build/Products/Debug/MacAmp.app/Contents/MacOS/__preview.dylib normal (in target 'MacAmp' from project 'MacAmpApp')
    cd /Users/hank/dev/src/MacAmp
    /Applications/Xcode.app/Contents/Developer/Toolchains/XcodeDefault.xctoolchain/usr/bin/clang -Xlinker -reproducible -target arm64-apple-macos15.0 -dynamiclib -isysroot /Applications/Xcode.app/Contents/Developer/Platforms/MacOSX.platform/Developer/SDKs/MacOSX26.0.sdk -O0 -L/Users/hank/Library/Developer/Xcode/DerivedData/MacAmpApp-bkmcccatuvhsmhbgrftfacnjoxld/Build/Products/Debug -F/Users/hank/Library/Developer/Xcode/DerivedData/MacAmpApp-bkmcccatuvhsmhbgrftfacnjoxld/Build/Products/Debug/PackageFrameworks -F/Users/hank/Library/Developer/Xcode/DerivedData/MacAmpApp-bkmcccatuvhsmhbgrftfacnjoxld/Build/Products/Debug -install_name @rpath/MacAmp.debug.dylib -dead_strip -rdynamic -Xlinker -no_deduplicate -fsanitize\=thread -Xlinker -debug_variant -Xlinker -dependency_info -Xlinker /Users/hank/Library/Developer/Xcode/DerivedData/MacAmpApp-bkmcccatuvhsmhbgrftfacnjoxld/Build/Intermediates.noindex/MacAmpApp.build/Debug/MacAmp.build/Objects-normal-tsan/arm64/MacAmp_dependency_info.dat -Xlinker -no_adhoc_codesign -o /Users/hank/Library/Developer/Xcode/DerivedData/MacAmpApp-bkmcccatuvhsmhbgrftfacnjoxld/Build/Products/Debug/MacAmp.app/Contents/MacOS/__preview.dylib

Copy /Users/hank/Library/Developer/Xcode/DerivedData/MacAmpApp-bkmcccatuvhsmhbgrftfacnjoxld/Build/Products/Debug/MacAmp.app/Contents/Resources/ZIPFoundation_ZIPFoundation.bundle /Users/hank/Library/Developer/Xcode/DerivedData/MacAmpApp-bkmcccatuvhsmhbgrftfacnjoxld/Build/Products/Debug/ZIPFoundation_ZIPFoundation.bundle (in target 'MacAmp' from project 'MacAmpApp')
    cd /Users/hank/dev/src/MacAmp
    builtin-copy -exclude .DS_Store -exclude CVS -exclude .svn -exclude .git -exclude .hg -resolve-src-symlinks /Users/hank/Library/Developer/Xcode/DerivedData/MacAmpApp-bkmcccatuvhsmhbgrftfacnjoxld/Build/Products/Debug/ZIPFoundation_ZIPFoundation.bundle /Users/hank/Library/Developer/Xcode/DerivedData/MacAmpApp-bkmcccatuvhsmhbgrftfacnjoxld/Build/Products/Debug/MacAmp.app/Contents/Resources

ProcessInfoPlistFile /Users/hank/Library/Developer/Xcode/DerivedData/MacAmpApp-bkmcccatuvhsmhbgrftfacnjoxld/Build/Products/Debug/MacAmp.app/Contents/Info.plist /Users/hank/dev/src/MacAmp/MacAmpApp/Info.plist (in target 'MacAmp' from project 'MacAmpApp')
    cd /Users/hank/dev/src/MacAmp
    builtin-infoPlistUtility /Users/hank/dev/src/MacAmp/MacAmpApp/Info.plist -producttype com.apple.product-type.application -genpkginfo /Users/hank/Library/Developer/Xcode/DerivedData/MacAmpApp-bkmcccatuvhsmhbgrftfacnjoxld/Build/Products/Debug/MacAmp.app/Contents/PkgInfo -expandbuildsettings -platform macosx -additionalcontentfile /Users/hank/Library/Developer/Xcode/DerivedData/MacAmpApp-bkmcccatuvhsmhbgrftfacnjoxld/Build/Intermediates.noindex/MacAmpApp.build/Debug/MacAmp.build/assetcatalog_generated_info.plist -scanforprivacyfile /Users/hank/Library/Developer/Xcode/DerivedData/MacAmpApp-bkmcccatuvhsmhbgrftfacnjoxld/Build/Products/Debug/MacAmp.app/Contents/Resources/ZIPFoundation_ZIPFoundation.bundle -o /Users/hank/Library/Developer/Xcode/DerivedData/MacAmpApp-bkmcccatuvhsmhbgrftfacnjoxld/Build/Products/Debug/MacAmp.app/Contents/Info.plist

SwiftCompile normal arm64 Compiling\ AudioPlayer.swift,\ DockingController.swift /Users/hank/dev/src/MacAmp/MacAmpApp/Audio/AudioPlayer.swift /Users/hank/dev/src/MacAmp/MacAmpApp/ViewModels/DockingController.swift (in target 'MacAmp' from project 'MacAmpApp')

SwiftCompile normal arm64 /Users/hank/dev/src/MacAmp/MacAmpApp/Audio/AudioPlayer.swift (in target 'MacAmp' from project 'MacAmpApp')
    cd /Users/hank/dev/src/MacAmp
    

SwiftCompile normal arm64 /Users/hank/dev/src/MacAmp/MacAmpApp/ViewModels/DockingController.swift (in target 'MacAmp' from project 'MacAmpApp')
    cd /Users/hank/dev/src/MacAmp
    

SwiftCompile normal arm64 Compiling\ AppSettings.swift,\ AppCommands.swift /Users/hank/dev/src/MacAmp/MacAmpApp/Models/AppSettings.swift /Users/hank/dev/src/MacAmp/MacAmpApp/AppCommands.swift (in target 'MacAmp' from project 'MacAmpApp')

SwiftCompile normal arm64 /Users/hank/dev/src/MacAmp/MacAmpApp/Models/AppSettings.swift (in target 'MacAmp' from project 'MacAmpApp')
    cd /Users/hank/dev/src/MacAmp
    

SwiftCompile normal arm64 /Users/hank/dev/src/MacAmp/MacAmpApp/AppCommands.swift (in target 'MacAmp' from project 'MacAmpApp')
    cd /Users/hank/dev/src/MacAmp
    

SwiftCompile normal arm64 Compiling\ SpritePositions.swift,\ SpriteResolver.swift /Users/hank/dev/src/MacAmp/MacAmpApp/Models/SpritePositions.swift /Users/hank/dev/src/MacAmp/MacAmpApp/Models/SpriteResolver.swift (in target 'MacAmp' from project 'MacAmpApp')

SwiftCompile normal arm64 /Users/hank/dev/src/MacAmp/MacAmpApp/Models/SpritePositions.swift (in target 'MacAmp' from project 'MacAmpApp')
    cd /Users/hank/dev/src/MacAmp
    

SwiftCompile normal arm64 /Users/hank/dev/src/MacAmp/MacAmpApp/Models/SpriteResolver.swift (in target 'MacAmp' from project 'MacAmpApp')
    cd /Users/hank/dev/src/MacAmp
    

SwiftCompile normal arm64 Compiling\ EQPreset.swift,\ UnifiedDockView.swift /Users/hank/dev/src/MacAmp/MacAmpApp/Models/EQPreset.swift /Users/hank/dev/src/MacAmp/MacAmpApp/Views/UnifiedDockView.swift (in target 'MacAmp' from project 'MacAmpApp')

SwiftCompile normal arm64 /Users/hank/dev/src/MacAmp/MacAmpApp/Models/EQPreset.swift (in target 'MacAmp' from project 'MacAmpApp')
    cd /Users/hank/dev/src/MacAmp
    

SwiftCompile normal arm64 /Users/hank/dev/src/MacAmp/MacAmpApp/Views/UnifiedDockView.swift (in target 'MacAmp' from project 'MacAmpApp')
    cd /Users/hank/dev/src/MacAmp
    

SwiftCompile normal arm64 Compiling\ EQF.swift,\ EqGraphView.swift /Users/hank/dev/src/MacAmp/MacAmpApp/Models/EQF.swift /Users/hank/dev/src/MacAmp/MacAmpApp/Views/EqGraphView.swift (in target 'MacAmp' from project 'MacAmpApp')

SwiftCompile normal arm64 /Users/hank/dev/src/MacAmp/MacAmpApp/Models/EQF.swift (in target 'MacAmp' from project 'MacAmpApp')
    cd /Users/hank/dev/src/MacAmp
    

SwiftCompile normal arm64 /Users/hank/dev/src/MacAmp/MacAmpApp/Views/EqGraphView.swift (in target 'MacAmp' from project 'MacAmpApp')
    cd /Users/hank/dev/src/MacAmp
    

SwiftCompile normal arm64 Compiling\ WinampEqualizerWindow.swift /Users/hank/dev/src/MacAmp/MacAmpApp/Views/WinampEqualizerWindow.swift (in target 'MacAmp' from project 'MacAmpApp')

SwiftCompile normal arm64 /Users/hank/dev/src/MacAmp/MacAmpApp/Views/WinampEqualizerWindow.swift (in target 'MacAmp' from project 'MacAmpApp')
    cd /Users/hank/dev/src/MacAmp
    

SwiftCompile normal arm64 Compiling\ WinampPlaylistWindow.swift /Users/hank/dev/src/MacAmp/MacAmpApp/Views/WinampPlaylistWindow.swift (in target 'MacAmp' from project 'MacAmpApp')
Failed frontend command:
/Applications/Xcode.app/Contents/Developer/Toolchains/XcodeDefault.xctoolchain/usr/bin/swift-frontend -frontend -c /Users/hank/dev/src/MacAmp/MacAmpApp/Models/AppSettings.swift /Users/hank/dev/src/MacAmp/MacAmpApp/AppCommands.swift /Users/hank/dev/src/MacAmp/MacAmpApp/Audio/AudioPlayer.swift /Users/hank/dev/src/MacAmp/MacAmpApp/ViewModels/DockingController.swift /Users/hank/dev/src/MacAmp/MacAmpApp/Models/EQF.swift /Users/hank/dev/src/MacAmp/MacAmpApp/Views/EqGraphView.swift /Users/hank/dev/src/MacAmp/MacAmpApp/Models/ImageSlicing.swift /Users/hank/dev/src/MacAmp/MacAmpApp/Models/M3UEntry.swift /Users/hank/dev/src/MacAmp/MacAmpApp/Models/M3UParser.swift /Users/hank/dev/src/MacAmp/MacAmpApp/MacAmpApp.swift /Users/hank/dev/src/MacAmp/MacAmpApp/Models/PLEditParser.swift /Users/hank/dev/src/MacAmp/MacAmpApp/Views/PreferencesView.swift /Users/hank/dev/src/MacAmp/MacAmpApp/Views/PresetsButton.swift /Users/hank/dev/src/MacAmp/MacAmpApp/Views/Components/SimpleSpriteImage.swift /Users/hank/dev/src/MacAmp/MacAmpApp/Views/Components/PlaylistTimeText.swift /Users/hank/dev/src/MacAmp/MacAmpApp/Views/Components/PlaylistBitmapText.swift /Users/hank/dev/src/MacAmp/MacAmpApp/Models/Skin.swift /Users/hank/dev/src/MacAmp/MacAmpApp/ViewModels/SkinManager.swift /Users/hank/dev/src/MacAmp/MacAmpApp/SkinsCommands.swift /Users/hank/dev/src/MacAmp/MacAmpApp/Models/SkinSprites.swift /Users/hank/dev/src/MacAmp/MacAmpApp/Views/SkinnedBanner.swift /Users/hank/dev/src/MacAmp/MacAmpApp/Views/SkinnedText.swift /Users/hank/dev/src/MacAmp/MacAmpApp/Models/SnapUtils.swift /Users/hank/dev/src/MacAmp/MacAmpApp/Models/SpritePositions.swift /Users/hank/dev/src/MacAmp/MacAmpApp/Models/SpriteResolver.swift /Users/hank/dev/src/MacAmp/MacAmpApp/Models/EQPreset.swift /Users/hank/dev/src/MacAmp/MacAmpApp/Views/UnifiedDockView.swift /Users/hank/dev/src/MacAmp/MacAmpApp/Models/VisColorParser.swift /Users/hank/dev/src/MacAmp/MacAmpApp/Views/VisualizerOptions.swift /Users/hank/dev/src/MacAmp/MacAmpApp/Views/VisualizerView.swift /Users/hank/dev/src/MacAmp/MacAmpApp/Views/WinampEqualizerWindow.swift /Users/hank/dev/src/MacAmp/MacAmpApp/Views/WinampMainWindow.swift -primary-file /Users/hank/dev/src/MacAmp/MacAmpApp/Views/WinampPlaylistWindow.swift /Users/hank/dev/src/MacAmp/MacAmpApp/Views/Components/WinampVolumeSlider.swift /Users/hank/dev/src/MacAmp/MacAmpApp/Utilities/WindowAccessor.swift /Users/hank/dev/src/MacAmp/MacAmpApp/Utilities/WindowSnapManager.swift /Users/hank/dev/src/MacAmp/MacAmpApp/Models/WindowSpec.swift /Users/hank/Library/Developer/Xcode/DerivedData/MacAmpApp-bkmcccatuvhsmhbgrftfacnjoxld/Build/Intermediates.noindex/MacAmpApp.build/Debug/MacAmp.build/DerivedSources/GeneratedAssetSymbols.swift -emit-dependencies-path /Users/hank/Library/Developer/Xcode/DerivedData/MacAmpApp-bkmcccatuvhsmhbgrftfacnjoxld/Build/Intermediates.noindex/MacAmpApp.build/Debug/MacAmp.build/Objects-normal-tsan/arm64/WinampPlaylistWindow.d -emit-const-values-path /Users/hank/Library/Developer/Xcode/DerivedData/MacAmpApp-bkmcccatuvhsmhbgrftfacnjoxld/Build/Intermediates.noindex/MacAmpApp.build/Debug/MacAmp.build/Objects-normal-tsan/arm64/WinampPlaylistWindow.swiftconstvalues -emit-reference-dependencies-path /Users/hank/Library/Developer/Xcode/DerivedData/MacAmpApp-bkmcccatuvhsmhbgrftfacnjoxld/Build/Intermediates.noindex/MacAmpApp.build/Debug/MacAmp.build/Objects-normal-tsan/arm64/WinampPlaylistWindow.swiftdeps -serialize-diagnostics-path /Users/hank/Library/Developer/Xcode/DerivedData/MacAmpApp-bkmcccatuvhsmhbgrftfacnjoxld/Build/Intermediates.noindex/MacAmpApp.build/Debug/MacAmp.build/Objects-normal-tsan/arm64/WinampPlaylistWindow.dia -target arm64-apple-macos15.0 -module-can-import-version AppKit 2685.10.108 2685.10.108 -module-can-import-version DeveloperToolsSupport 23.0.4 23.0.4 -module-can-import-version SwiftUI 7.0.84.1 7.0.84 -load-resolved-plugin /Applications/Xcode.app/Contents/Developer/Platforms/MacOSX.platform/Developer/usr/lib/swift/host/plugins/libFoundationMacros.dylib\#/Applications/Xcode.app/Contents/Developer/Platforms/MacOSX.platform/Developer/usr/bin/swift-plugin-server\#FoundationMacros -load-resolved-plugin /Applications/Xcode.app/Contents/Developer/Platforms/MacOSX.platform/Developer/usr/lib/swift/host/plugins/libObservationMacros.dylib\#/Applications/Xcode.app/Contents/Developer/Platforms/MacOSX.platform/Developer/usr/bin/swift-plugin-server\#ObservationMacros -load-resolved-plugin /Applications/Xcode.app/Contents/Developer/Platforms/MacOSX.platform/Developer/usr/lib/swift/host/plugins/libPreviewsMacros.dylib\#/Applications/Xcode.app/Contents/Developer/Platforms/MacOSX.platform/Developer/usr/bin/swift-plugin-server\#PreviewsMacros -load-resolved-plugin /Applications/Xcode.app/Contents/Developer/Platforms/MacOSX.platform/Developer/usr/lib/swift/host/plugins/libSwiftMacros.dylib\#/Applications/Xcode.app/Contents/Developer/Platforms/MacOSX.platform/Developer/usr/bin/swift-plugin-server\#SwiftMacros -load-resolved-plugin /Applications/Xcode.app/Contents/Developer/Platforms/MacOSX.platform/Developer/usr/lib/swift/host/plugins/libSwiftUIMacros.dylib\#/Applications/Xcode.app/Contents/Developer/Platforms/MacOSX.platform/Developer/usr/bin/swift-plugin-server\#SwiftUIMacros -disable-implicit-swift-modules -Xcc -fno-implicit-modules -Xcc -fno-implicit-module-maps -explicit-swift-module-map-file /Users/hank/Library/Developer/Xcode/DerivedData/MacAmpApp-bkmcccatuvhsmhbgrftfacnjoxld/Build/Intermediates.noindex/MacAmpApp.build/Debug/MacAmp.build/Objects-normal-tsan/arm64/MacAmp-dependencies-1.json -Xllvm -aarch64-use-tbi -enable-objc-interop -sdk /Applications/Xcode.app/Contents/Developer/Platforms/MacOSX.platform/Developer/SDKs/MacOSX26.0.sdk -I /Users/hank/Library/Developer/Xcode/DerivedData/MacAmpApp-bkmcccatuvhsmhbgrftfacnjoxld/Build/Products/Debug -F /Users/hank/Library/Developer/Xcode/DerivedData/MacAmpApp-bkmcccatuvhsmhbgrftfacnjoxld/Build/Products/Debug/PackageFrameworks -F /Users/hank/Library/Developer/Xcode/DerivedData/MacAmpApp-bkmcccatuvhsmhbgrftfacnjoxld/Build/Products/Debug -no-color-diagnostics -Xcc -fno-color-diagnostics -enable-testing -g -debug-info-format\=dwarf -dwarf-version\=5 -module-cache-path /Users/hank/Library/Developer/Xcode/DerivedData/MacAmpApp-bkmcccatuvhsmhbgrftfacnjoxld/Build/Intermediates.noindex/SwiftExplicitPrecompiledModules -sanitize\=thread -swift-version 5 -enforce-exclusivity\=checked -Onone -D DEBUG -serialize-debugging-options -const-gather-protocols-file /Users/hank/Library/Developer/Xcode/DerivedData/MacAmpApp-bkmcccatuvhsmhbgrftfacnjoxld/Build/Intermediates.noindex/MacAmpApp.build/Debug/MacAmp.build/Objects-normal-tsan/arm64/MacAmp_const_extract_protocols.json -enable-experimental-feature DebugDescriptionMacro -enable-bare-slash-regex -empty-abi-descriptor -validate-clang-modules-once -clang-build-session-file /Users/hank/Library/Developer/Xcode/DerivedData/ModuleCache.noindex/Session.modulevalidation -Xcc -working-directory -Xcc /Users/hank/dev/src/MacAmp -enable-anonymous-context-mangled-names -file-compilation-dir /Users/hank/dev/src/MacAmp -Xcc -D_LIBCPP_HARDENING_MODE\=_LIBCPP_HARDENING_MODE_DEBUG -Xcc -ivfsstatcache -Xcc /Users/hank/Library/Developer/Xcode/DerivedData/SDKStatCaches.noindex/macosx26.0-25A352-3885c01c3e6b6a337905948deab2002e28806144b0707e398aac92880fa50324.sdkstatcache -Xcc -I/Users/hank/Library/Developer/Xcode/DerivedData/MacAmpApp-bkmcccatuvhsmhbgrftfacnjoxld/Build/Intermediates.noindex/MacAmpApp.build/Debug/MacAmp.build/swift-overrides.hmap -Xcc -iquote -Xcc /Users/hank/Library/Developer/Xcode/DerivedData/MacAmpApp-bkmcccatuvhsmhbgrftfacnjoxld/Build/Intermediates.noindex/MacAmpApp.build/Debug/MacAmp.build/MacAmp-generated-files.hmap -Xcc -I/Users/hank/Library/Developer/Xcode/DerivedData/MacAmpApp-bkmcccatuvhsmhbgrftfacnjoxld/Build/Intermediates.noindex/MacAmpApp.build/Debug/MacAmp.build/MacAmp-own-target-headers.hmap -Xcc -I/Users/hank/Library/Developer/Xcode/DerivedData/MacAmpApp-bkmcccatuvhsmhbgrftfacnjoxld/Build/Intermediates.noindex/MacAmpApp.build/Debug/MacAmp.build/MacAmp-all-non-framework-target-headers.hmap -Xcc -ivfsoverlay -Xcc /Users/hank/Library/Developer/Xcode/DerivedData/MacAmpApp-bkmcccatuvhsmhbgrftfacnjoxld/Build/Intermediates.noindex/MacAmpApp.build/Debug/MacAmpApp-6dbee650d839781f969add39cca492c9-VFS/all-product-headers.yaml -Xcc -iquote -Xcc /Users/hank/Library/Developer/Xcode/DerivedData/MacAmpApp-bkmcccatuvhsmhbgrftfacnjoxld/Build/Intermediates.noindex/MacAmpApp.build/Debug/MacAmp.build/MacAmp-project-headers.hmap -Xcc -I/Users/hank/Library/Developer/Xcode/DerivedData/MacAmpApp-bkmcccatuvhsmhbgrftfacnjoxld/Build/Products/Debug/include -Xcc -I/Users/hank/Library/Developer/Xcode/DerivedData/MacAmpApp-bkmcccatuvhsmhbgrftfacnjoxld/Build/Intermediates.noindex/MacAmpApp.build/Debug/MacAmp.build/DerivedSources-normal/arm64 -Xcc -I/Users/hank/Library/Developer/Xcode/DerivedData/MacAmpApp-bkmcccatuvhsmhbgrftfacnjoxld/Build/Intermediates.noindex/MacAmpApp.build/Debug/MacAmp.build/DerivedSources/arm64 -Xcc -I/Users/hank/Library/Developer/Xcode/DerivedData/MacAmpApp-bkmcccatuvhsmhbgrftfacnjoxld/Build/Intermediates.noindex/MacAmpApp.build/Debug/MacAmp.build/DerivedSources -Xcc -DDEBUG\=1 -no-auto-bridging-header-chaining -module-name MacAmp -frontend-parseable-output -disable-clang-spi -target-sdk-version 26.0 -target-sdk-name macosx26.0 -clang-target arm64-apple-macos26.0 -in-process-plugin-server-path /Applications/Xcode.app/Contents/Developer/Toolchains/XcodeDefault.xctoolchain/usr/lib/swift/host/libSwiftInProcPluginServer.dylib -o /Users/hank/Library/Developer/Xcode/DerivedData/MacAmpApp-bkmcccatuvhsmhbgrftfacnjoxld/Build/Intermediates.noindex/MacAmpApp.build/Debug/MacAmp.build/Objects-normal-tsan/arm64/WinampPlaylistWindow.o -index-unit-output-path /MacAmpApp.build/Debug/MacAmp.build/Objects-normal-tsan/arm64/WinampPlaylistWindow.o -index-store-path /Users/hank/Library/Developer/Xcode/DerivedData/MacAmpApp-bkmcccatuvhsmhbgrftfacnjoxld/Index.noindex/DataStore -index-system-modules

SwiftCompile normal arm64 /Users/hank/dev/src/MacAmp/MacAmpApp/Views/WinampPlaylistWindow.swift (in target 'MacAmp' from project 'MacAmpApp')
    cd /Users/hank/dev/src/MacAmp
    
/Users/hank/dev/src/MacAmp/MacAmpApp/Views/WinampPlaylistWindow.swift:567:13: error: cannot find 'SpriteMenuButton' in scope
            SpriteMenuButton(
            ^~~~~~~~~~~~~~~~
/Users/hank/dev/src/MacAmp/MacAmpApp/Views/WinampPlaylistWindow.swift:575:13: error: cannot find 'SpriteMenuFilePicker' in scope
            SpriteMenuFilePicker(
            ^~~~~~~~~~~~~~~~~~~~
/Users/hank/dev/src/MacAmp/MacAmpApp/Views/WinampPlaylistWindow.swift:591:13: error: cannot find 'SpriteMenuFilePicker' in scope
            SpriteMenuFilePicker(
            ^~~~~~~~~~~~~~~~~~~~
/Users/hank/dev/src/MacAmp/MacAmpApp/Views/WinampPlaylistWindow.swift:673:13: error: cannot find 'SpriteMenuButton' in scope
            SpriteMenuButton(
            ^~~~~~~~~~~~~~~~
/Users/hank/dev/src/MacAmp/MacAmpApp/Views/WinampPlaylistWindow.swift:681:13: error: cannot find 'SpriteMenuButton' in scope
            SpriteMenuButton(
            ^~~~~~~~~~~~~~~~
/Users/hank/dev/src/MacAmp/MacAmpApp/Views/WinampPlaylistWindow.swift:691:13: error: cannot find 'SpriteMenuButton' in scope
            SpriteMenuButton(
            ^~~~~~~~~~~~~~~~
/Users/hank/dev/src/MacAmp/MacAmpApp/Views/WinampPlaylistWindow.swift:699:13: error: cannot find 'SpriteMenuButton' in scope
            SpriteMenuButton(
            ^~~~~~~~~~~~~~~~
/Users/hank/dev/src/MacAmp/MacAmpApp/Views/WinampPlaylistWindow.swift:757:13: error: cannot find 'SpriteMenuButton' in scope
            SpriteMenuButton(
            ^~~~~~~~~~~~~~~~
/Users/hank/dev/src/MacAmp/MacAmpApp/Views/WinampPlaylistWindow.swift:765:13: error: cannot find 'SpriteMenuButton' in scope
            SpriteMenuButton(
            ^~~~~~~~~~~~~~~~
/Users/hank/dev/src/MacAmp/MacAmpApp/Views/WinampPlaylistWindow.swift:773:13: error: cannot find 'SpriteMenuButton' in scope
            SpriteMenuButton(
            ^~~~~~~~~~~~~~~~
/Users/hank/dev/src/MacAmp/MacAmpApp/Views/WinampPlaylistWindow.swift:813:13: error: cannot find 'SpriteMenuButton' in scope
            SpriteMenuButton(
            ^~~~~~~~~~~~~~~~
/Users/hank/dev/src/MacAmp/MacAmpApp/Views/WinampPlaylistWindow.swift:821:13: error: cannot find 'SpriteMenuButton' in scope
            SpriteMenuButton(
            ^~~~~~~~~~~~~~~~
/Users/hank/dev/src/MacAmp/MacAmpApp/Views/WinampPlaylistWindow.swift:829:13: error: cannot find 'SpriteMenuButton' in scope
            SpriteMenuButton(
            ^~~~~~~~~~~~~~~~
/Users/hank/dev/src/MacAmp/MacAmpApp/Views/WinampPlaylistWindow.swift:869:13: error: cannot find 'SpriteMenuButton' in scope
            SpriteMenuButton(
            ^~~~~~~~~~~~~~~~
/Users/hank/dev/src/MacAmp/MacAmpApp/Views/WinampPlaylistWindow.swift:877:13: error: cannot find 'SpriteMenuButton' in scope
            SpriteMenuButton(
            ^~~~~~~~~~~~~~~~
/Users/hank/dev/src/MacAmp/MacAmpApp/Views/WinampPlaylistWindow.swift:885:13: error: cannot find 'SpriteMenuButton' in scope
            SpriteMenuButton(
            ^~~~~~~~~~~~~~~~

SwiftCompile normal arm64 Compiling\ PreferencesView.swift,\ PresetsButton.swift /Users/hank/dev/src/MacAmp/MacAmpApp/Views/PreferencesView.swift /Users/hank/dev/src/MacAmp/MacAmpApp/Views/PresetsButton.swift (in target 'MacAmp' from project 'MacAmpApp')
SwiftCompile normal arm64 /Users/hank/dev/src/MacAmp/MacAmpApp/Views/PreferencesView.swift (in target 'MacAmp' from project 'MacAmpApp')
    cd /Users/hank/dev/src/MacAmp
    

SwiftCompile normal arm64 /Users/hank/dev/src/MacAmp/MacAmpApp/Views/PresetsButton.swift (in target 'MacAmp' from project 'MacAmpApp')
    cd /Users/hank/dev/src/MacAmp
    

SwiftCompile normal arm64 Compiling\ WinampVolumeSlider.swift /Users/hank/dev/src/MacAmp/MacAmpApp/Views/Components/WinampVolumeSlider.swift (in target 'MacAmp' from project 'MacAmpApp')

SwiftCompile normal arm64 /Users/hank/dev/src/MacAmp/MacAmpApp/Views/Components/WinampVolumeSlider.swift (in target 'MacAmp' from project 'MacAmpApp')
    cd /Users/hank/dev/src/MacAmp
    

SwiftEmitModule normal arm64 Emitting\ module\ for\ MacAmp (in target 'MacAmp' from project 'MacAmpApp')
EmitSwiftModule normal arm64 (in target 'MacAmp' from project 'MacAmpApp')
    cd /Users/hank/dev/src/MacAmp
    

SwiftCompile normal arm64 Compiling\ WinampMainWindow.swift /Users/hank/dev/src/MacAmp/MacAmpApp/Views/WinampMainWindow.swift (in target 'MacAmp' from project 'MacAmpApp')

SwiftCompile normal arm64 /Users/hank/dev/src/MacAmp/MacAmpApp/Views/WinampMainWindow.swift (in target 'MacAmp' from project 'MacAmpApp')
    cd /Users/hank/dev/src/MacAmp
    

SwiftCompile normal arm64 Compiling\ VisualizerView.swift /Users/hank/dev/src/MacAmp/MacAmpApp/Views/VisualizerView.swift (in target 'MacAmp' from project 'MacAmpApp')

SwiftCompile normal arm64 /Users/hank/dev/src/MacAmp/MacAmpApp/Views/VisualizerView.swift (in target 'MacAmp' from project 'MacAmpApp')
    cd /Users/hank/dev/src/MacAmp
    

SwiftCompile normal arm64 Compiling\ PlaylistBitmapText.swift,\ Skin.swift /Users/hank/dev/src/MacAmp/MacAmpApp/Views/Components/PlaylistBitmapText.swift /Users/hank/dev/src/MacAmp/MacAmpApp/Models/Skin.swift (in target 'MacAmp' from project 'MacAmpApp')

SwiftCompile normal arm64 /Users/hank/dev/src/MacAmp/MacAmpApp/Views/Components/PlaylistBitmapText.swift (in target 'MacAmp' from project 'MacAmpApp')
    cd /Users/hank/dev/src/MacAmp
    

SwiftCompile normal arm64 /Users/hank/dev/src/MacAmp/MacAmpApp/Models/Skin.swift (in target 'MacAmp' from project 'MacAmpApp')
    cd /Users/hank/dev/src/MacAmp
    

SwiftCompile normal arm64 Compiling\ VisColorParser.swift,\ VisualizerOptions.swift /Users/hank/dev/src/MacAmp/MacAmpApp/Models/VisColorParser.swift /Users/hank/dev/src/MacAmp/MacAmpApp/Views/VisualizerOptions.swift (in target 'MacAmp' from project 'MacAmpApp')

SwiftCompile normal arm64 /Users/hank/dev/src/MacAmp/MacAmpApp/Models/VisColorParser.swift (in target 'MacAmp' from project 'MacAmpApp')
    cd /Users/hank/dev/src/MacAmp
    

SwiftCompile normal arm64 /Users/hank/dev/src/MacAmp/MacAmpApp/Views/VisualizerOptions.swift (in target 'MacAmp' from project 'MacAmpApp')
    cd /Users/hank/dev/src/MacAmp
    

SwiftCompile normal arm64 Compiling\ SimpleSpriteImage.swift,\ PlaylistTimeText.swift /Users/hank/dev/src/MacAmp/MacAmpApp/Views/Components/SimpleSpriteImage.swift /Users/hank/dev/src/MacAmp/MacAmpApp/Views/Components/PlaylistTimeText.swift (in target 'MacAmp' from project 'MacAmpApp')

SwiftCompile normal arm64 /Users/hank/dev/src/MacAmp/MacAmpApp/Views/Components/SimpleSpriteImage.swift (in target 'MacAmp' from project 'MacAmpApp')
    cd /Users/hank/dev/src/MacAmp
    

SwiftCompile normal arm64 /Users/hank/dev/src/MacAmp/MacAmpApp/Views/Components/PlaylistTimeText.swift (in target 'MacAmp' from project 'MacAmpApp')
    cd /Users/hank/dev/src/MacAmp
    

SwiftCompile normal arm64 Compiling\ SkinManager.swift,\ SnapUtils.swift /Users/hank/dev/src/MacAmp/MacAmpApp/ViewModels/SkinManager.swift /Users/hank/dev/src/MacAmp/MacAmpApp/Models/SnapUtils.swift (in target 'MacAmp' from project 'MacAmpApp')

SwiftCompile normal arm64 /Users/hank/dev/src/MacAmp/MacAmpApp/ViewModels/SkinManager.swift (in target 'MacAmp' from project 'MacAmpApp')
    cd /Users/hank/dev/src/MacAmp
    

SwiftCompile normal arm64 /Users/hank/dev/src/MacAmp/MacAmpApp/Models/SnapUtils.swift (in target 'MacAmp' from project 'MacAmpApp')
    cd /Users/hank/dev/src/MacAmp
    

SwiftCompile normal arm64 Compiling\ MacAmpApp.swift,\ PLEditParser.swift /Users/hank/dev/src/MacAmp/MacAmpApp/MacAmpApp.swift /Users/hank/dev/src/MacAmp/MacAmpApp/Models/PLEditParser.swift (in target 'MacAmp' from project 'MacAmpApp')

SwiftCompile normal arm64 /Users/hank/dev/src/MacAmp/MacAmpApp/MacAmpApp.swift (in target 'MacAmp' from project 'MacAmpApp')
    cd /Users/hank/dev/src/MacAmp
    

SwiftCompile normal arm64 /Users/hank/dev/src/MacAmp/MacAmpApp/Models/PLEditParser.swift (in target 'MacAmp' from project 'MacAmpApp')
    cd /Users/hank/dev/src/MacAmp
    

SwiftDriverJobDiscovery normal arm64 Compiling SpritePositions.swift, SpriteResolver.swift (in target 'MacAmp' from project 'MacAmpApp')

SwiftCompile normal arm64 Compiling\ SkinnedBanner.swift /Users/hank/dev/src/MacAmp/MacAmpApp/Views/SkinnedBanner.swift (in target 'MacAmp' from project 'MacAmpApp')

SwiftCompile normal arm64 /Users/hank/dev/src/MacAmp/MacAmpApp/Views/SkinnedBanner.swift (in target 'MacAmp' from project 'MacAmpApp')
    cd /Users/hank/dev/src/MacAmp
    

SwiftDriverJobDiscovery normal arm64 Compiling PlaylistBitmapText.swift, Skin.swift (in target 'MacAmp' from project 'MacAmpApp')

SwiftCompile normal arm64 Compiling\ WindowSnapManager.swift /Users/hank/dev/src/MacAmp/MacAmpApp/Utilities/WindowSnapManager.swift (in target 'MacAmp' from project 'MacAmpApp')

SwiftCompile normal arm64 /Users/hank/dev/src/MacAmp/MacAmpApp/Utilities/WindowSnapManager.swift (in target 'MacAmp' from project 'MacAmpApp')
    cd /Users/hank/dev/src/MacAmp
    

SwiftDriverJobDiscovery normal arm64 Compiling VisColorParser.swift, VisualizerOptions.swift (in target 'MacAmp' from project 'MacAmpApp')

SwiftCompile normal arm64 Compiling\ WindowAccessor.swift /Users/hank/dev/src/MacAmp/MacAmpApp/Utilities/WindowAccessor.swift (in target 'MacAmp' from project 'MacAmpApp')

SwiftCompile normal arm64 /Users/hank/dev/src/MacAmp/MacAmpApp/Utilities/WindowAccessor.swift (in target 'MacAmp' from project 'MacAmpApp')
    cd /Users/hank/dev/src/MacAmp
    

SwiftDriverJobDiscovery normal arm64 Compiling AppSettings.swift, AppCommands.swift (in target 'MacAmp' from project 'MacAmpApp')

SwiftCompile normal arm64 Compiling\ GeneratedAssetSymbols.swift /Users/hank/Library/Developer/Xcode/DerivedData/MacAmpApp-bkmcccatuvhsmhbgrftfacnjoxld/Build/Intermediates.noindex/MacAmpApp.build/Debug/MacAmp.build/DerivedSources/GeneratedAssetSymbols.swift (in target 'MacAmp' from project 'MacAmpApp')

SwiftCompile normal arm64 /Users/hank/Library/Developer/Xcode/DerivedData/MacAmpApp-bkmcccatuvhsmhbgrftfacnjoxld/Build/Intermediates.noindex/MacAmpApp.build/Debug/MacAmp.build/DerivedSources/GeneratedAssetSymbols.swift (in target 'MacAmp' from project 'MacAmpApp')
    cd /Users/hank/dev/src/MacAmp
    

SwiftDriverJobDiscovery normal arm64 Compiling SimpleSpriteImage.swift, PlaylistTimeText.swift (in target 'MacAmp' from project 'MacAmpApp')

SwiftCompile normal arm64 Compiling\ SkinnedText.swift /Users/hank/dev/src/MacAmp/MacAmpApp/Views/SkinnedText.swift (in target 'MacAmp' from project 'MacAmpApp')

SwiftCompile normal arm64 /Users/hank/dev/src/MacAmp/MacAmpApp/Views/SkinnedText.swift (in target 'MacAmp' from project 'MacAmpApp')
    cd /Users/hank/dev/src/MacAmp
    

SwiftDriverJobDiscovery normal arm64 Compiling SkinnedBanner.swift (in target 'MacAmp' from project 'MacAmpApp')

SwiftCompile normal arm64 Compiling\ SkinsCommands.swift /Users/hank/dev/src/MacAmp/MacAmpApp/SkinsCommands.swift (in target 'MacAmp' from project 'MacAmpApp')

warning: The Swift file "/Users/hank/dev/src/MacAmp/MacAmpApp/Views/Components/SpriteMenuButton.swift" cannot be processed by a Copy Bundle Resources build phase (in target 'MacAmp' from project 'MacAmpApp')
** BUILD FAILED **


The following build commands failed:
	SwiftCompile normal arm64 Compiling\ WinampPlaylistWindow.swift /Users/hank/dev/src/MacAmp/MacAmpApp/Views/WinampPlaylistWindow.swift (in target 'MacAmp' from project 'MacAmpApp')
	SwiftCompile normal arm64 /Users/hank/dev/src/MacAmp/MacAmpApp/Views/WinampPlaylistWindow.swift (in target 'MacAmp' from project 'MacAmpApp')
	Building project MacAmpApp with scheme MacAmpApp and configuration Debug
(3 failures)
